<?xml version="1.0" encoding="UTF-8"?>
<coverage generated="1506631740">
  <project timestamp="1506631740">
    <package name="benliev\Event">
      <file name="D:\Documents\Work\Lab\Event/src/Event.php">
        <class name="Event" namespace="benliev\Event" fullPackage="benliev" package="benliev">
          <metrics complexity="10" methods="10" coveredmethods="10" conditionals="0" coveredconditionals="0" statements="18" coveredstatements="18" elements="28" coveredelements="28"/>
        </class>
        <line num="42" type="method" name="__construct" visibility="public" complexity="1" crap="1" count="18"/>
        <line num="48" type="stmt" count="18"/>
        <line num="49" type="stmt" count="18"/>
        <line num="50" type="stmt" count="18"/>
        <line num="51" type="stmt" count="18"/>
        <line num="52" type="stmt" count="18"/>
        <line num="57" type="method" name="getName" visibility="public" complexity="1" crap="1" count="10"/>
        <line num="59" type="stmt" count="10"/>
        <line num="65" type="method" name="getTarget" visibility="public" complexity="1" crap="1" count="2"/>
        <line num="67" type="stmt" count="2"/>
        <line num="73" type="method" name="getParams" visibility="public" complexity="1" crap="1" count="2"/>
        <line num="75" type="stmt" count="2"/>
        <line num="81" type="method" name="getParam" visibility="public" complexity="1" crap="1" count="2"/>
        <line num="83" type="stmt" count="2"/>
        <line num="89" type="method" name="setName" visibility="public" complexity="1" crap="1" count="1"/>
        <line num="91" type="stmt" count="1"/>
        <line num="92" type="stmt" count="1"/>
        <line num="97" type="method" name="setTarget" visibility="public" complexity="1" crap="1" count="1"/>
        <line num="99" type="stmt" count="1"/>
        <line num="100" type="stmt" count="1"/>
        <line num="105" type="method" name="setParams" visibility="public" complexity="1" crap="1" count="1"/>
        <line num="107" type="stmt" count="1"/>
        <line num="108" type="stmt" count="1"/>
        <line num="113" type="method" name="stopPropagation" visibility="public" complexity="1" crap="1" count="2"/>
        <line num="115" type="stmt" count="2"/>
        <line num="116" type="stmt" count="2"/>
        <line num="121" type="method" name="isPropagationStopped" visibility="public" complexity="1" crap="1" count="8"/>
        <line num="123" type="stmt" count="8"/>
        <metrics loc="125" ncloc="74" classes="1" methods="10" coveredmethods="10" conditionals="0" coveredconditionals="0" statements="18" coveredstatements="18" elements="28" coveredelements="28"/>
      </file>
      <file name="D:\Documents\Work\Lab\Event/src/EventManager.php">
        <class name="EventManager" namespace="benliev\Event" fullPackage="benliev" package="benliev">
          <metrics complexity="13" methods="6" coveredmethods="6" conditionals="0" coveredconditionals="0" statements="17" coveredstatements="17" elements="23" coveredelements="23"/>
        </class>
        <line num="22" type="method" name="attach" visibility="public" complexity="1" crap="1" count="8"/>
        <line num="24" type="stmt" count="8"/>
        <line num="25" type="stmt" count="8"/>
        <line num="31" type="method" name="detach" visibility="public" complexity="4" crap="4" count="3"/>
        <line num="33" type="stmt" count="3"/>
        <line num="34" type="stmt" count="2"/>
        <line num="35" type="stmt" count="2"/>
        <line num="36" type="stmt" count="2"/>
        <line num="37" type="method" name="anonymousFunction:37#170" complexity="1" crap="1" count="2"/>
        <line num="38" type="stmt" count="2"/>
        <line num="39" type="stmt" count="2"/>
        <line num="42" type="stmt" count="2"/>
        <line num="44" type="stmt" count="1"/>
        <line num="50" type="method" name="clearListeners" visibility="public" complexity="1" crap="1" count="1"/>
        <line num="52" type="stmt" count="1"/>
        <line num="53" type="stmt" count="1"/>
        <line num="58" type="method" name="trigger" visibility="public" complexity="5" crap="5" count="6"/>
        <line num="60" type="stmt" count="6"/>
        <line num="61" type="stmt" count="1"/>
        <line num="63" type="stmt" count="6"/>
        <line num="64" type="stmt" count="6"/>
        <line num="65" type="stmt" count="6"/>
        <line num="66" type="method" name="anonymousFunction:66#352" complexity="1" crap="1" count="6"/>
        <line num="67" type="stmt" count="3"/>
        <line num="68" type="stmt" count="6"/>
        <metrics loc="79" ncloc="57" classes="1" methods="6" coveredmethods="6" conditionals="0" coveredconditionals="0" statements="19" coveredstatements="19" elements="25" coveredelements="25"/>
      </file>
    </package>
    <file name="D:\Documents\Work\Lab\Event/src/Interfaces/EventInterface.php">
      <metrics loc="76" ncloc="24" classes="0" methods="0" coveredmethods="0" conditionals="0" coveredconditionals="0" statements="0" coveredstatements="0" elements="0" coveredelements="0"/>
    </file>
    <file name="D:\Documents\Work\Lab\Event/src/Interfaces/EventManagerInterface.php">
      <metrics loc="48" ncloc="14" classes="0" methods="0" coveredmethods="0" conditionals="0" coveredconditionals="0" statements="0" coveredstatements="0" elements="0" coveredelements="0"/>
    </file>
    <package name="Tests">
      <file name="D:\Documents\Work\Lab\Event/tests/EventManagerTest.php">
        <class name="EventManagerTest" namespace="Tests">
          <metrics complexity="27" methods="25" coveredmethods="22" conditionals="0" coveredconditionals="0" statements="40" coveredstatements="37" elements="65" coveredelements="59"/>
        </class>
        <line num="26" type="method" name="setUp" visibility="public" complexity="1" crap="1" count="9"/>
        <line num="28" type="stmt" count="9"/>
        <line num="29" type="stmt" count="9"/>
        <line num="36" type="method" name="makeEvent" visibility="public" complexity="1" crap="1" count="7"/>
        <line num="38" type="stmt" count="7"/>
        <line num="45" type="method" name="testTriggerEventWithEventObject" visibility="public" complexity="1" crap="1" count="1"/>
        <line num="47" type="stmt" count="1"/>
        <line num="48" type="method" name="anonymousFunction:48#169" complexity="1" crap="1" count="1"/>
        <line num="49" type="stmt" count="1"/>
        <line num="50" type="stmt" count="1"/>
        <line num="51" type="stmt" count="1"/>
        <line num="52" type="stmt" count="1"/>
        <line num="53" type="stmt" count="1"/>
        <line num="62" type="method" name="anonymousFunction:62#241" complexity="1" crap="1" count="1"/>
        <line num="63" type="stmt" count="1"/>
        <line num="64" type="stmt" count="1"/>
        <line num="65" type="stmt" count="1"/>
        <line num="66" type="stmt" count="1"/>
        <line num="67" type="stmt" count="1"/>
        <line num="73" type="method" name="testTriggerMultipleEvent" visibility="public" complexity="1" crap="1" count="1"/>
        <line num="75" type="stmt" count="1"/>
        <line num="76" type="method" name="anonymousFunction:76#313" complexity="1" crap="1" count="1"/>
        <line num="77" type="stmt" count="1"/>
        <line num="78" type="stmt" count="1"/>
        <line num="79" type="method" name="anonymousFunction:79#342" complexity="1" crap="1" count="1"/>
        <line num="80" type="stmt" count="1"/>
        <line num="81" type="stmt" count="1"/>
        <line num="82" type="stmt" count="1"/>
        <line num="83" type="stmt" count="1"/>
        <line num="84" type="stmt" count="1"/>
        <line num="90" type="method" name="testTriggerOrderWithPriority" visibility="public" complexity="1" crap="1" count="1"/>
        <line num="92" type="stmt" count="1"/>
        <line num="93" type="method" name="anonymousFunction:93#418" complexity="1" crap="1" count="1"/>
        <line num="94" type="stmt" count="1"/>
        <line num="95" type="stmt" count="1"/>
        <line num="96" type="method" name="anonymousFunction:96#450" complexity="1" crap="1" count="1"/>
        <line num="97" type="stmt" count="1"/>
        <line num="98" type="stmt" count="1"/>
        <line num="99" type="method" name="anonymousFunction:99#482" complexity="1" crap="1" count="1"/>
        <line num="100" type="stmt" count="1"/>
        <line num="101" type="stmt" count="1"/>
        <line num="102" type="stmt" count="1"/>
        <line num="103" type="stmt" count="1"/>
        <line num="104" type="stmt" count="1"/>
        <line num="110" type="method" name="testDetachListener" visibility="public" complexity="1" crap="1" count="1"/>
        <line num="112" type="stmt" count="1"/>
        <line num="113" type="method" name="anonymousFunction:113#552" complexity="1" crap="1" count="1"/>
        <line num="114" type="stmt" count="1"/>
        <line num="115" type="stmt" count="1"/>
        <line num="116" type="stmt" count="1"/>
        <line num="117" type="stmt" count="1"/>
        <line num="124" type="method" name="testClearListeners" visibility="public" complexity="1" crap="1" count="1"/>
        <line num="126" type="stmt" count="1"/>
        <line num="127" type="stmt" count="1"/>
        <line num="128" type="method" name="anonymousFunction:128#651" complexity="1" crap="1" count="1"/>
        <line num="129" type="stmt" count="1"/>
        <line num="130" type="stmt" count="1"/>
        <line num="131" type="method" name="anonymousFunction:131#680" complexity="1" crap="1.12" count="1"/>
        <line num="132" type="stmt" count="0"/>
        <line num="133" type="stmt" count="1"/>
        <line num="134" type="stmt" count="1"/>
        <line num="135" type="stmt" count="1"/>
        <line num="136" type="stmt" count="1"/>
        <line num="137" type="stmt" count="1"/>
        <line num="138" type="stmt" count="1"/>
        <line num="139" type="stmt" count="1"/>
        <line num="145" type="method" name="testTriggerWithStopPropagation" visibility="public" complexity="1" crap="1" count="1"/>
        <line num="147" type="stmt" count="1"/>
        <line num="148" type="method" name="anonymousFunction:148#784" complexity="1" crap="1" count="1"/>
        <line num="149" type="stmt" count="1"/>
        <line num="150" type="stmt" count="1"/>
        <line num="151" type="method" name="anonymousFunction:151#813" complexity="1" crap="1" count="1"/>
        <line num="152" type="stmt" count="1"/>
        <line num="153" type="stmt" count="1"/>
        <line num="154" type="method" name="anonymousFunction:154#848" complexity="1" crap="1.12" count="1"/>
        <line num="155" type="stmt" count="0"/>
        <line num="156" type="stmt" count="1"/>
        <line num="157" type="stmt" count="1"/>
        <line num="158" type="stmt" count="1"/>
        <line num="159" type="stmt" count="1"/>
        <line num="166" type="method" name="anonymousFunction:166#909" complexity="1" crap="1" count="1"/>
        <line num="167" type="stmt" count="1"/>
        <line num="168" type="stmt" count="1"/>
        <line num="174" type="method" name="testDetachUnknowCallback" visibility="public" complexity="1" crap="1" count="1"/>
        <line num="176" type="stmt" count="1"/>
        <line num="177" type="method" name="anonymousFunction:177#959" complexity="1" crap="1.12" count="1"/>
        <line num="178" type="stmt" count="0"/>
        <line num="179" type="stmt" count="1"/>
        <line num="180" type="method" name="anonymousFunction:180#992" complexity="1" crap="1" count="1"/>
        <line num="181" type="stmt" count="1"/>
        <metrics loc="183" ncloc="131" classes="1" methods="25" coveredmethods="22" conditionals="0" coveredconditionals="0" statements="65" coveredstatements="62" elements="90" coveredelements="84"/>
      </file>
      <file name="D:\Documents\Work\Lab\Event/tests/EventTest.php">
        <class name="EventTest" namespace="Tests">
          <metrics complexity="11" methods="11" coveredmethods="11" conditionals="0" coveredconditionals="0" statements="28" coveredstatements="28" elements="39" coveredelements="39"/>
        </class>
        <line num="22" type="method" name="setUp" visibility="protected" complexity="1" crap="1" count="10"/>
        <line num="24" type="stmt" count="10"/>
        <line num="25" type="stmt" count="10"/>
        <line num="26" type="stmt" count="10"/>
        <line num="31" type="method" name="testGetName" visibility="public" complexity="1" crap="1" count="1"/>
        <line num="33" type="stmt" count="1"/>
        <line num="34" type="stmt" count="1"/>
        <line num="39" type="method" name="testSetName" visibility="public" complexity="1" crap="1" count="1"/>
        <line num="41" type="stmt" count="1"/>
        <line num="42" type="stmt" count="1"/>
        <line num="43" type="stmt" count="1"/>
        <line num="48" type="method" name="testGetTarget" visibility="public" complexity="1" crap="1" count="1"/>
        <line num="50" type="stmt" count="1"/>
        <line num="51" type="stmt" count="1"/>
        <line num="53" type="method" name="testSetTarget" visibility="public" complexity="1" crap="1" count="1"/>
        <line num="55" type="stmt" count="1"/>
        <line num="56" type="stmt" count="1"/>
        <line num="57" type="stmt" count="1"/>
        <line num="62" type="method" name="testGetParams" visibility="public" complexity="1" crap="1" count="1"/>
        <line num="64" type="stmt" count="1"/>
        <line num="65" type="stmt" count="1"/>
        <line num="71" type="method" name="testSetParams" visibility="public" complexity="1" crap="1" count="1"/>
        <line num="73" type="stmt" count="1"/>
        <line num="74" type="stmt" count="1"/>
        <line num="75" type="stmt" count="1"/>
        <line num="76" type="stmt" count="1"/>
        <line num="81" type="method" name="testGetParam" visibility="public" complexity="1" crap="1" count="2"/>
        <line num="83" type="stmt" count="2"/>
        <line num="84" type="stmt" count="2"/>
        <line num="89" type="method" name="testGetUnknowParamReturnNull" visibility="public" complexity="1" crap="1" count="1"/>
        <line num="91" type="stmt" count="1"/>
        <line num="92" type="stmt" count="1"/>
        <line num="97" type="method" name="testIsPropagationStopped" visibility="public" complexity="1" crap="1" count="1"/>
        <line num="99" type="stmt" count="1"/>
        <line num="100" type="stmt" count="1"/>
        <line num="105" type="method" name="testStopPropagation" visibility="public" complexity="1" crap="1" count="1"/>
        <line num="107" type="stmt" count="1"/>
        <line num="108" type="stmt" count="1"/>
        <line num="109" type="stmt" count="1"/>
        <metrics loc="110" ncloc="73" classes="1" methods="11" coveredmethods="11" conditionals="0" coveredconditionals="0" statements="28" coveredstatements="28" elements="39" coveredelements="39"/>
      </file>
    </package>
    <metrics files="6" loc="621" ncloc="373" classes="4" methods="52" coveredmethods="49" conditionals="0" coveredconditionals="0" statements="130" coveredstatements="127" elements="182" coveredelements="176"/>
  </project>
</coverage>
